# JRE version: OpenJDK Runtime Environment (21.0.8) (build 21.0.8+-14196175-b1038.72)
# Java VM: OpenJDK 64-Bit Server VM (21.0.8+-14196175-b1038.72, mixed mode, tiered, compressed oops, compressed class ptrs, g1 gc, windows-amd64)
GC Precious Log:
 CardTable entry size: 512
 Card Set container configuration: InlinePtr #cards 4 size 8 Array Of Cards #cards 16 size 48 Howl #buckets 8 coarsen threshold 3686 Howl Bitmap #cards 512 size 80 coarsen threshold 460 Card regions per heap region 1 cards per card region 4096
 CPUs: 12 total, 12 available
 Memory: 15556M
 Large Page Support: Disabled
 NUMA Support: Disabled
 Compressed Oops: Enabled (Zero based)
 Heap Region Size: 2M
 Heap Min Capacity: 8M
 Heap Initial Capacity: 244M
 Heap Max Capacity: 4G
 Pre-touch: Disabled
 Parallel Workers: 10
 Concurrent Workers: 3
 Concurrent Refinement Workers: 10
 Periodic GC: Disabled
Heap:
 garbage-first heap   total 385024K, used 343476K [0x0000000700000000, 0x0000000800000000)
  region size 2048K, 98 young (200704K), 5 survivors (10240K)
 Metaspace       used 152475K, committed 154944K, reserved 1245184K
  class space    used 21884K, committed 23104K, reserved 1048576K
GC Heap History (20 events):
Event: 44.161 GC heap before
{Heap before GC invocations=48 (full 0):
 garbage-first heap   total 249856K, used 223017K [0x0000000700000000, 0x0000000800000000)
  region size 2048K, 43 young (88064K), 4 survivors (8192K)
 Metaspace       used 135812K, committed 138176K, reserved 1179648K
  class space    used 19259K, committed 20416K, reserved 1048576K
}
Event: 44.171 GC heap after
{Heap after GC invocations=49 (full 0):
 garbage-first heap   total 249856K, used 153426K [0x0000000700000000, 0x0000000800000000)
  region size 2048K, 6 young (12288K), 6 survivors (12288K)
 Metaspace       used 135812K, committed 138176K, reserved 1179648K
  class space    used 19259K, committed 20416K, reserved 1048576K
}
Event: 44.597 GC heap before
{Heap before GC invocations=49 (full 0):
 garbage-first heap   total 249856K, used 218962K [0x0000000700000000, 0x0000000800000000)
  region size 2048K, 39 young (79872K), 6 survivors (12288K)
 Metaspace       used 143343K, committed 145792K, reserved 1179648K
  class space    used 20781K, committed 21952K, reserved 1048576K
}
Event: 44.608 GC heap after
{Heap after GC invocations=50 (full 0):
 garbage-first heap   total 249856K, used 158408K [0x0000000700000000, 0x0000000800000000)
  region size 2048K, 3 young (6144K), 3 survivors (6144K)
 Metaspace       used 143343K, committed 145792K, reserved 1179648K
  class space    used 20781K, committed 21952K, reserved 1048576K
}
Event: 44.993 GC heap before
{Heap before GC invocations=51 (full 0):
 garbage-first heap   total 266240K, used 228040K [0x0000000700000000, 0x0000000800000000)
  region size 2048K, 37 young (75776K), 3 survivors (6144K)
 Metaspace       used 145793K, committed 148224K, reserved 1179648K
  class space    used 21092K, committed 22272K, reserved 1048576K
}
Event: 44.998 GC heap after
{Heap after GC invocations=52 (full 0):
 garbage-first heap   total 266240K, used 159137K [0x0000000700000000, 0x0000000800000000)
  region size 2048K, 4 young (8192K), 4 survivors (8192K)
 Metaspace       used 145793K, committed 148224K, reserved 1179648K
  class space    used 21092K, committed 22272K, reserved 1048576K
}
Event: 45.344 GC heap before
{Heap before GC invocations=52 (full 0):
 garbage-first heap   total 266240K, used 239009K [0x0000000700000000, 0x0000000800000000)
  region size 2048K, 45 young (92160K), 4 survivors (8192K)
 Metaspace       used 147958K, committed 150400K, reserved 1179648K
  class space    used 21408K, committed 22592K, reserved 1048576K
}
Event: 45.350 GC heap after
{Heap after GC invocations=53 (full 0):
 garbage-first heap   total 319488K, used 159632K [0x0000000700000000, 0x0000000800000000)
  region size 2048K, 4 young (8192K), 4 survivors (8192K)
 Metaspace       used 147958K, committed 150400K, reserved 1179648K
  class space    used 21408K, committed 22592K, reserved 1048576K
}
Event: 45.663 GC heap before
{Heap before GC invocations=53 (full 0):
 garbage-first heap   total 319488K, used 282512K [0x0000000700000000, 0x0000000800000000)
  region size 2048K, 65 young (133120K), 4 survivors (8192K)
 Metaspace       used 148681K, committed 151104K, reserved 1179648K
  class space    used 21533K, committed 22720K, reserved 1048576K
}
Event: 45.668 GC heap after
{Heap after GC invocations=54 (full 0):
 garbage-first heap   total 319488K, used 161550K [0x0000000700000000, 0x0000000800000000)
  region size 2048K, 5 young (10240K), 5 survivors (10240K)
 Metaspace       used 148681K, committed 151104K, reserved 1179648K
  class space    used 21533K, committed 22720K, reserved 1048576K
}
Event: 46.000 GC heap before
{Heap before GC invocations=55 (full 0):
 garbage-first heap   total 319488K, used 286478K [0x0000000700000000, 0x0000000800000000)
  region size 2048K, 67 young (137216K), 5 survivors (10240K)
 Metaspace       used 148928K, committed 151360K, reserved 1179648K
  class space    used 21534K, committed 22720K, reserved 1048576K
}
Event: 46.006 GC heap after
{Heap after GC invocations=56 (full 0):
 garbage-first heap   total 319488K, used 160945K [0x0000000700000000, 0x0000000800000000)
  region size 2048K, 5 young (10240K), 5 survivors (10240K)
 Metaspace       used 148928K, committed 151360K, reserved 1179648K
  class space    used 21534K, committed 22720K, reserved 1048576K
}
Event: 46.267 GC heap before
{Heap before GC invocations=56 (full 0):
 garbage-first heap   total 319488K, used 285873K [0x0000000700000000, 0x0000000800000000)
  region size 2048K, 67 young (137216K), 5 survivors (10240K)
 Metaspace       used 149127K, committed 151552K, reserved 1179648K
  class space    used 21534K, committed 22720K, reserved 1048576K
}
Event: 46.274 GC heap after
{Heap after GC invocations=57 (full 0):
 garbage-first heap   total 319488K, used 159698K [0x0000000700000000, 0x0000000800000000)
  region size 2048K, 5 young (10240K), 5 survivors (10240K)
 Metaspace       used 149127K, committed 151552K, reserved 1179648K
  class space    used 21534K, committed 22720K, reserved 1048576K
}
Event: 46.654 GC heap before
{Heap before GC invocations=57 (full 0):
 garbage-first heap   total 319488K, used 286674K [0x0000000700000000, 0x0000000800000000)
  region size 2048K, 68 young (139264K), 5 survivors (10240K)
 Metaspace       used 149484K, committed 151936K, reserved 1179648K
  class space    used 21542K, committed 22720K, reserved 1048576K
}
Event: 46.660 GC heap after
{Heap after GC invocations=58 (full 0):
 garbage-first heap   total 319488K, used 158750K [0x0000000700000000, 0x0000000800000000)
  region size 2048K, 5 young (10240K), 5 survivors (10240K)
 Metaspace       used 149484K, committed 151936K, reserved 1179648K
  class space    used 21542K, committed 22720K, reserved 1048576K
}
Event: 47.171 GC heap before
{Heap before GC invocations=59 (full 0):
 garbage-first heap   total 319488K, used 287774K [0x0000000700000000, 0x0000000800000000)
  region size 2048K, 68 young (139264K), 5 survivors (10240K)
 Metaspace       used 149568K, committed 152000K, reserved 1179648K
  class space    used 21545K, committed 22720K, reserved 1048576K
}
Event: 47.176 GC heap after
{Heap after GC invocations=60 (full 0):
 garbage-first heap   total 319488K, used 158229K [0x0000000700000000, 0x0000000800000000)
  region size 2048K, 5 young (10240K), 5 survivors (10240K)
 Metaspace       used 149568K, committed 152000K, reserved 1179648K
  class space    used 21545K, committed 22720K, reserved 1048576K
}
Event: 47.563 GC heap before
{Heap before GC invocations=60 (full 0):
 garbage-first heap   total 319488K, used 287253K [0x0000000700000000, 0x0000000800000000)
  region size 2048K, 68 young (139264K), 5 survivors (10240K)
 Metaspace       used 149674K, committed 152064K, reserved 1179648K
  class space    used 21567K, committed 22720K, reserved 1048576K
}
Event: 47.569 GC heap after
{Heap after GC invocations=61 (full 0):
 garbage-first heap   total 385024K, used 155060K [0x0000000700000000, 0x0000000800000000)
  region size 2048K, 5 young (10240K), 5 survivors (10240K)
 Metaspace       used 149674K, committed 152064K, reserved 1179648K
  class space    used 21567K, committed 22720K, reserved 1048576K
}

