# JRE version: OpenJDK Runtime Environment (21.0.8) (build 21.0.8+-14196175-b1038.72)
# Java VM: OpenJDK 64-Bit Server VM (21.0.8+-14196175-b1038.72, mixed mode, tiered, compressed oops, compressed class ptrs, g1 gc, windows-amd64)
GC Precious Log:
 CardTable entry size: 512
 Card Set container configuration: InlinePtr #cards 4 size 8 Array Of Cards #cards 16 size 48 Howl #buckets 8 coarsen threshold 3686 Howl Bitmap #cards 512 size 80 coarsen threshold 460 Card regions per heap region 1 cards per card region 4096
 CPUs: 12 total, 12 available
 Memory: 15556M
 Large Page Support: Disabled
 NUMA Support: Disabled
 Compressed Oops: Enabled (Zero based)
 Heap Region Size: 2M
 Heap Min Capacity: 8M
 Heap Initial Capacity: 244M
 Heap Max Capacity: 4G
 Pre-touch: Disabled
 Parallel Workers: 10
 Concurrent Workers: 3
 Concurrent Refinement Workers: 10
 Periodic GC: Disabled
Heap:
 garbage-first heap   total 204800K, used 151762K [0x0000000700000000, 0x0000000800000000)
  region size 2048K, 19 young (38912K), 4 survivors (8192K)
 Metaspace       used 120639K, committed 122816K, reserved 1179648K
  class space    used 16946K, committed 18048K, reserved 1048576K
GC Heap History (20 events):
Event: 21.755 GC heap before
{Heap before GC invocations=41 (full 0):
 garbage-first heap   total 151552K, used 134160K [0x0000000700000000, 0x0000000800000000)
  region size 2048K, 22 young (45056K), 2 survivors (4096K)
 Metaspace       used 100727K, committed 102720K, reserved 1179648K
  class space    used 14154K, committed 15168K, reserved 1048576K
}
Event: 21.759 GC heap after
{Heap after GC invocations=42 (full 0):
 garbage-first heap   total 151552K, used 92094K [0x0000000700000000, 0x0000000800000000)
  region size 2048K, 2 young (4096K), 2 survivors (4096K)
 Metaspace       used 100727K, committed 102720K, reserved 1179648K
  class space    used 14154K, committed 15168K, reserved 1048576K
}
Event: 22.273 GC heap before
{Heap before GC invocations=42 (full 0):
 garbage-first heap   total 151552K, used 135102K [0x0000000700000000, 0x0000000800000000)
  region size 2048K, 23 young (47104K), 2 survivors (4096K)
 Metaspace       used 103992K, committed 106112K, reserved 1179648K
  class space    used 14645K, committed 15680K, reserved 1048576K
}
Event: 22.278 GC heap after
{Heap after GC invocations=43 (full 0):
 garbage-first heap   total 151552K, used 94401K [0x0000000700000000, 0x0000000800000000)
  region size 2048K, 3 young (6144K), 3 survivors (6144K)
 Metaspace       used 103992K, committed 106112K, reserved 1179648K
  class space    used 14645K, committed 15680K, reserved 1048576K
}
Event: 22.837 GC heap before
{Heap before GC invocations=44 (full 0):
 garbage-first heap   total 161792K, used 133313K [0x0000000700000000, 0x0000000800000000)
  region size 2048K, 22 young (45056K), 3 survivors (6144K)
 Metaspace       used 106771K, committed 108928K, reserved 1179648K
  class space    used 15120K, committed 16192K, reserved 1048576K
}
Event: 22.841 GC heap after
{Heap after GC invocations=45 (full 0):
 garbage-first heap   total 161792K, used 96713K [0x0000000700000000, 0x0000000800000000)
  region size 2048K, 3 young (6144K), 3 survivors (6144K)
 Metaspace       used 106771K, committed 108928K, reserved 1179648K
  class space    used 15120K, committed 16192K, reserved 1048576K
}
Event: 23.412 GC heap before
{Heap before GC invocations=45 (full 0):
 garbage-first heap   total 161792K, used 143817K [0x0000000700000000, 0x0000000800000000)
  region size 2048K, 26 young (53248K), 3 survivors (6144K)
 Metaspace       used 111648K, committed 113856K, reserved 1179648K
  class space    used 15812K, committed 16896K, reserved 1048576K
}
Event: 23.418 GC heap after
{Heap after GC invocations=46 (full 0):
 garbage-first heap   total 161792K, used 98198K [0x0000000700000000, 0x0000000800000000)
  region size 2048K, 3 young (6144K), 3 survivors (6144K)
 Metaspace       used 111648K, committed 113856K, reserved 1179648K
  class space    used 15812K, committed 16896K, reserved 1048576K
}
Event: 23.892 GC heap before
{Heap before GC invocations=46 (full 0):
 garbage-first heap   total 161792K, used 143254K [0x0000000700000000, 0x0000000800000000)
  region size 2048K, 25 young (51200K), 3 survivors (6144K)
 Metaspace       used 113633K, committed 115776K, reserved 1179648K
  class space    used 16098K, committed 17152K, reserved 1048576K
}
Event: 23.898 GC heap after
{Heap after GC invocations=47 (full 0):
 garbage-first heap   total 161792K, used 103345K [0x0000000700000000, 0x0000000800000000)
  region size 2048K, 4 young (8192K), 4 survivors (8192K)
 Metaspace       used 113633K, committed 115776K, reserved 1179648K
  class space    used 16098K, committed 17152K, reserved 1048576K
}
Event: 24.286 GC heap before
{Heap before GC invocations=48 (full 0):
 garbage-first heap   total 174080K, used 142257K [0x0000000700000000, 0x0000000800000000)
  region size 2048K, 23 young (47104K), 4 survivors (8192K)
 Metaspace       used 113762K, committed 115904K, reserved 1179648K
  class space    used 16103K, committed 17152K, reserved 1048576K
}
Event: 24.294 GC heap after
{Heap after GC invocations=49 (full 0):
 garbage-first heap   total 174080K, used 109445K [0x0000000700000000, 0x0000000800000000)
  region size 2048K, 3 young (6144K), 3 survivors (6144K)
 Metaspace       used 113762K, committed 115904K, reserved 1179648K
  class space    used 16103K, committed 17152K, reserved 1048576K
}
Event: 25.066 GC heap before
{Heap before GC invocations=49 (full 0):
 garbage-first heap   total 174080K, used 154501K [0x0000000700000000, 0x0000000800000000)
  region size 2048K, 26 young (53248K), 3 survivors (6144K)
 Metaspace       used 115995K, committed 118208K, reserved 1179648K
  class space    used 16434K, committed 17536K, reserved 1048576K
}
Event: 25.074 GC heap after
{Heap after GC invocations=50 (full 0):
 garbage-first heap   total 176128K, used 117024K [0x0000000700000000, 0x0000000800000000)
  region size 2048K, 4 young (8192K), 4 survivors (8192K)
 Metaspace       used 115995K, committed 118208K, reserved 1179648K
  class space    used 16434K, committed 17536K, reserved 1048576K
}
Event: 25.243 GC heap before
{Heap before GC invocations=50 (full 0):
 garbage-first heap   total 176128K, used 155936K [0x0000000700000000, 0x0000000800000000)
  region size 2048K, 23 young (47104K), 4 survivors (8192K)
 Metaspace       used 116011K, committed 118208K, reserved 1179648K
  class space    used 16435K, committed 17536K, reserved 1048576K
}
Event: 25.248 GC heap after
{Heap after GC invocations=51 (full 0):
 garbage-first heap   total 176128K, used 120654K [0x0000000700000000, 0x0000000800000000)
  region size 2048K, 3 young (6144K), 3 survivors (6144K)
 Metaspace       used 116011K, committed 118208K, reserved 1179648K
  class space    used 16435K, committed 17536K, reserved 1048576K
}
Event: 26.765 GC heap before
{Heap before GC invocations=52 (full 0):
 garbage-first heap   total 204800K, used 155470K [0x0000000700000000, 0x0000000800000000)
  region size 2048K, 21 young (43008K), 3 survivors (6144K)
 Metaspace       used 116484K, committed 118720K, reserved 1179648K
  class space    used 16530K, committed 17600K, reserved 1048576K
}
Event: 26.770 GC heap after
{Heap after GC invocations=53 (full 0):
 garbage-first heap   total 204800K, used 122358K [0x0000000700000000, 0x0000000800000000)
  region size 2048K, 2 young (4096K), 2 survivors (4096K)
 Metaspace       used 116484K, committed 118720K, reserved 1179648K
  class space    used 16530K, committed 17600K, reserved 1048576K
}
Event: 27.640 GC heap before
{Heap before GC invocations=53 (full 0):
 garbage-first heap   total 204800K, used 181750K [0x0000000700000000, 0x0000000800000000)
  region size 2048K, 32 young (65536K), 2 survivors (4096K)
 Metaspace       used 119874K, committed 122112K, reserved 1179648K
  class space    used 16837K, committed 17920K, reserved 1048576K
}
Event: 27.646 GC heap after
{Heap after GC invocations=54 (full 0):
 garbage-first heap   total 204800K, used 123090K [0x0000000700000000, 0x0000000800000000)
  region size 2048K, 4 young (8192K), 4 survivors (8192K)
 Metaspace       used 119874K, committed 122112K, reserved 1179648K
  class space    used 16837K, committed 17920K, reserved 1048576K
}

