# JRE version: OpenJDK Runtime Environment Temurin-21.0.10+7 (21.0.10+7) (build 21.0.10+7-LTS)
# Java VM: OpenJDK 64-Bit Server VM Temurin-21.0.10+7 (21.0.10+7-LTS, mixed mode, sharing, tiered, compressed oops, compressed class ptrs, parallel gc, windows-amd64)
GC Precious Log:
 CardTable entry size: 512
 CPUs: 12 total, 12 available
 Memory: 15556M
 Large Page Support: Disabled
 NUMA Support: Disabled
 Compressed Oops: Enabled (32-bit)
 Alignments: Space 512K, Generation 512K, Heap 2M
 Heap Min Capacity: 100M
 Heap Initial Capacity: 100M
 Heap Max Capacity: 2G
 Pre-touch: Disabled
 Parallel Workers: 10
Heap:
 PSYoungGen      total 15360K, used 12205K [0x00000000d5580000, 0x00000000d6700000, 0x0000000100000000)
  eden space 14848K, 79% used [0x00000000d5580000,0x00000000d6113438,0x00000000d6400000)
  from space 512K, 68% used [0x00000000d6600000,0x00000000d6658000,0x00000000d6680000)
  to   space 512K, 0% used [0x00000000d6680000,0x00000000d6680000,0x00000000d6700000)
 ParOldGen       total 68608K, used 56146K [0x0000000080000000, 0x0000000084300000, 0x00000000d5580000)
  object space 68608K, 81% used [0x0000000080000000,0x00000000836d4a98,0x0000000084300000)
 Metaspace       used 72446K, committed 74112K, reserved 1114112K
  class space    used 9071K, committed 9856K, reserved 1048576K
GC Heap History (20 events):
Event: 4628.046 GC heap before
{Heap before GC invocations=69 (full 3):
 PSYoungGen      total 15360K, used 15259K [0x00000000d5580000, 0x00000000d6800000, 0x0000000100000000)
  eden space 14848K, 99% used [0x00000000d5580000,0x00000000d63fd5b8,0x00000000d6400000)
  from space 512K, 82% used [0x00000000d6700000,0x00000000d6769810,0x00000000d6780000)
  to   space 512K, 0% used [0x00000000d6780000,0x00000000d6780000,0x00000000d6800000)
 ParOldGen       total 68608K, used 52086K [0x0000000080000000, 0x0000000084300000, 0x00000000d5580000)
  object space 68608K, 75% used [0x0000000080000000,0x00000000832ddbb8,0x0000000084300000)
 Metaspace       used 70886K, committed 72512K, reserved 1114112K
  class space    used 8926K, committed 9664K, reserved 1048576K
}
Event: 4628.098 GC heap after
{Heap after GC invocations=69 (full 3):
 PSYoungGen      total 15360K, used 512K [0x00000000d5580000, 0x00000000d6800000, 0x0000000100000000)
  eden space 14848K, 0% used [0x00000000d5580000,0x00000000d5580000,0x00000000d6400000)
  from space 512K, 100% used [0x00000000d6780000,0x00000000d6800000,0x00000000d6800000)
  to   space 2048K, 0% used [0x00000000d6400000,0x00000000d6400000,0x00000000d6600000)
 ParOldGen       total 68608K, used 53217K [0x0000000080000000, 0x0000000084300000, 0x00000000d5580000)
  object space 68608K, 77% used [0x0000000080000000,0x00000000833f85f8,0x0000000084300000)
 Metaspace       used 70886K, committed 72512K, reserved 1114112K
  class space    used 8926K, committed 9664K, reserved 1048576K
}
Event: 13524.030 GC heap before
{Heap before GC invocations=70 (full 3):
 PSYoungGen      total 15360K, used 15360K [0x00000000d5580000, 0x00000000d6800000, 0x0000000100000000)
  eden space 14848K, 100% used [0x00000000d5580000,0x00000000d6400000,0x00000000d6400000)
  from space 512K, 100% used [0x00000000d6780000,0x00000000d6800000,0x00000000d6800000)
  to   space 2048K, 0% used [0x00000000d6400000,0x00000000d6400000,0x00000000d6600000)
 ParOldGen       total 68608K, used 53217K [0x0000000080000000, 0x0000000084300000, 0x00000000d5580000)
  object space 68608K, 77% used [0x0000000080000000,0x00000000833f85f8,0x0000000084300000)
 Metaspace       used 71219K, committed 72832K, reserved 1114112K
  class space    used 8962K, committed 9728K, reserved 1048576K
}
Event: 13524.086 GC heap after
{Heap after GC invocations=70 (full 3):
 PSYoungGen      total 16896K, used 608K [0x00000000d5580000, 0x00000000d6800000, 0x0000000100000000)
  eden space 14848K, 0% used [0x00000000d5580000,0x00000000d5580000,0x00000000d6400000)
  from space 2048K, 29% used [0x00000000d6400000,0x00000000d6498040,0x00000000d6600000)
  to   space 1024K, 0% used [0x00000000d6700000,0x00000000d6700000,0x00000000d6800000)
 ParOldGen       total 68608K, used 53669K [0x0000000080000000, 0x0000000084300000, 0x00000000d5580000)
  object space 68608K, 78% used [0x0000000080000000,0x0000000083469638,0x0000000084300000)
 Metaspace       used 71219K, committed 72832K, reserved 1114112K
  class space    used 8962K, committed 9728K, reserved 1048576K
}
Event: 13567.406 GC heap before
{Heap before GC invocations=71 (full 3):
 PSYoungGen      total 16896K, used 15456K [0x00000000d5580000, 0x00000000d6800000, 0x0000000100000000)
  eden space 14848K, 100% used [0x00000000d5580000,0x00000000d6400000,0x00000000d6400000)
  from space 2048K, 29% used [0x00000000d6400000,0x00000000d6498040,0x00000000d6600000)
  to   space 1024K, 0% used [0x00000000d6700000,0x00000000d6700000,0x00000000d6800000)
 ParOldGen       total 68608K, used 53669K [0x0000000080000000, 0x0000000084300000, 0x00000000d5580000)
  object space 68608K, 78% used [0x0000000080000000,0x0000000083469638,0x0000000084300000)
 Metaspace       used 71478K, committed 73152K, reserved 1114112K
  class space    used 8997K, committed 9728K, reserved 1048576K
}
Event: 13567.408 GC heap after
{Heap after GC invocations=71 (full 3):
 PSYoungGen      total 15872K, used 800K [0x00000000d5580000, 0x00000000d6800000, 0x0000000100000000)
  eden space 14848K, 0% used [0x00000000d5580000,0x00000000d5580000,0x00000000d6400000)
  from space 1024K, 78% used [0x00000000d6700000,0x00000000d67c8000,0x00000000d6800000)
  to   space 1024K, 0% used [0x00000000d6600000,0x00000000d6600000,0x00000000d6700000)
 ParOldGen       total 68608K, used 54066K [0x0000000080000000, 0x0000000084300000, 0x00000000d5580000)
  object space 68608K, 78% used [0x0000000080000000,0x00000000834cca98,0x0000000084300000)
 Metaspace       used 71478K, committed 73152K, reserved 1114112K
  class space    used 8997K, committed 9728K, reserved 1048576K
}
Event: 14828.696 GC heap before
{Heap before GC invocations=72 (full 3):
 PSYoungGen      total 15872K, used 15648K [0x00000000d5580000, 0x00000000d6800000, 0x0000000100000000)
  eden space 14848K, 100% used [0x00000000d5580000,0x00000000d6400000,0x00000000d6400000)
  from space 1024K, 78% used [0x00000000d6700000,0x00000000d67c8000,0x00000000d6800000)
  to   space 1024K, 0% used [0x00000000d6600000,0x00000000d6600000,0x00000000d6700000)
 ParOldGen       total 68608K, used 54066K [0x0000000080000000, 0x0000000084300000, 0x00000000d5580000)
  object space 68608K, 78% used [0x0000000080000000,0x00000000834cca98,0x0000000084300000)
 Metaspace       used 71631K, committed 73280K, reserved 1114112K
  class space    used 9020K, committed 9792K, reserved 1048576K
}
Event: 14828.704 GC heap after
{Heap after GC invocations=72 (full 3):
 PSYoungGen      total 15872K, used 880K [0x00000000d5580000, 0x00000000d6780000, 0x0000000100000000)
  eden space 14848K, 0% used [0x00000000d5580000,0x00000000d5580000,0x00000000d6400000)
  from space 1024K, 85% used [0x00000000d6600000,0x00000000d66dc010,0x00000000d6700000)
  to   space 512K, 0% used [0x00000000d6700000,0x00000000d6700000,0x00000000d6780000)
 ParOldGen       total 68608K, used 54682K [0x0000000080000000, 0x0000000084300000, 0x00000000d5580000)
  object space 68608K, 79% used [0x0000000080000000,0x0000000083566a98,0x0000000084300000)
 Metaspace       used 71631K, committed 73280K, reserved 1114112K
  class space    used 9020K, committed 9792K, reserved 1048576K
}
Event: 18528.605 GC heap before
{Heap before GC invocations=73 (full 3):
 PSYoungGen      total 15872K, used 15728K [0x00000000d5580000, 0x00000000d6780000, 0x0000000100000000)
  eden space 14848K, 100% used [0x00000000d5580000,0x00000000d6400000,0x00000000d6400000)
  from space 1024K, 85% used [0x00000000d6600000,0x00000000d66dc010,0x00000000d6700000)
  to   space 512K, 0% used [0x00000000d6700000,0x00000000d6700000,0x00000000d6780000)
 ParOldGen       total 68608K, used 54682K [0x0000000080000000, 0x0000000084300000, 0x00000000d5580000)
  object space 68608K, 79% used [0x0000000080000000,0x0000000083566a98,0x0000000084300000)
 Metaspace       used 71804K, committed 73408K, reserved 1114112K
  class space    used 9032K, committed 9792K, reserved 1048576K
}
Event: 18528.646 GC heap after
{Heap after GC invocations=73 (full 3):
 PSYoungGen      total 15360K, used 320K [0x00000000d5580000, 0x00000000d6780000, 0x0000000100000000)
  eden space 14848K, 0% used [0x00000000d5580000,0x00000000d5580000,0x00000000d6400000)
  from space 512K, 62% used [0x00000000d6700000,0x00000000d6750000,0x00000000d6780000)
  to   space 1024K, 0% used [0x00000000d6580000,0x00000000d6580000,0x00000000d6680000)
 ParOldGen       total 68608K, used 55274K [0x0000000080000000, 0x0000000084300000, 0x00000000d5580000)
  object space 68608K, 80% used [0x0000000080000000,0x00000000835faa98,0x0000000084300000)
 Metaspace       used 71804K, committed 73408K, reserved 1114112K
  class space    used 9032K, committed 9792K, reserved 1048576K
}
Event: 18558.059 GC heap before
{Heap before GC invocations=74 (full 3):
 PSYoungGen      total 15360K, used 15168K [0x00000000d5580000, 0x00000000d6780000, 0x0000000100000000)
  eden space 14848K, 100% used [0x00000000d5580000,0x00000000d6400000,0x00000000d6400000)
  from space 512K, 62% used [0x00000000d6700000,0x00000000d6750000,0x00000000d6780000)
  to   space 1024K, 0% used [0x00000000d6580000,0x00000000d6580000,0x00000000d6680000)
 ParOldGen       total 68608K, used 55274K [0x0000000080000000, 0x0000000084300000, 0x00000000d5580000)
  object space 68608K, 80% used [0x0000000080000000,0x00000000835faa98,0x0000000084300000)
 Metaspace       used 72038K, committed 73664K, reserved 1114112K
  class space    used 9066K, committed 9856K, reserved 1048576K
}
Event: 18558.062 GC heap after
{Heap after GC invocations=74 (full 3):
 PSYoungGen      total 15872K, used 896K [0x00000000d5580000, 0x00000000d6780000, 0x0000000100000000)
  eden space 14848K, 0% used [0x00000000d5580000,0x00000000d5580000,0x00000000d6400000)
  from space 1024K, 87% used [0x00000000d6580000,0x00000000d6660000,0x00000000d6680000)
  to   space 1024K, 0% used [0x00000000d6680000,0x00000000d6680000,0x00000000d6780000)
 ParOldGen       total 68608K, used 55362K [0x0000000080000000, 0x0000000084300000, 0x00000000d5580000)
  object space 68608K, 80% used [0x0000000080000000,0x0000000083610a98,0x0000000084300000)
 Metaspace       used 72038K, committed 73664K, reserved 1114112K
  class space    used 9066K, committed 9856K, reserved 1048576K
}
Event: 18566.422 GC heap before
{Heap before GC invocations=75 (full 3):
 PSYoungGen      total 15872K, used 15743K [0x00000000d5580000, 0x00000000d6780000, 0x0000000100000000)
  eden space 14848K, 99% used [0x00000000d5580000,0x00000000d63ffff0,0x00000000d6400000)
  from space 1024K, 87% used [0x00000000d6580000,0x00000000d6660000,0x00000000d6680000)
  to   space 1024K, 0% used [0x00000000d6680000,0x00000000d6680000,0x00000000d6780000)
 ParOldGen       total 68608K, used 55362K [0x0000000080000000, 0x0000000084300000, 0x00000000d5580000)
  object space 68608K, 80% used [0x0000000080000000,0x0000000083610a98,0x0000000084300000)
 Metaspace       used 72093K, committed 73792K, reserved 1114112K
  class space    used 9066K, committed 9856K, reserved 1048576K
}
Event: 18566.428 GC heap after
{Heap after GC invocations=75 (full 3):
 PSYoungGen      total 15872K, used 560K [0x00000000d5580000, 0x00000000d6780000, 0x0000000100000000)
  eden space 14848K, 0% used [0x00000000d5580000,0x00000000d5580000,0x00000000d6400000)
  from space 1024K, 54% used [0x00000000d6680000,0x00000000d670c010,0x00000000d6780000)
  to   space 1024K, 0% used [0x00000000d6580000,0x00000000d6580000,0x00000000d6680000)
 ParOldGen       total 68608K, used 55994K [0x0000000080000000, 0x0000000084300000, 0x00000000d5580000)
  object space 68608K, 81% used [0x0000000080000000,0x00000000836aea98,0x0000000084300000)
 Metaspace       used 72093K, committed 73792K, reserved 1114112K
  class space    used 9066K, committed 9856K, reserved 1048576K
}
Event: 18832.933 GC heap before
{Heap before GC invocations=76 (full 3):
 PSYoungGen      total 15872K, used 15404K [0x00000000d5580000, 0x00000000d6780000, 0x0000000100000000)
  eden space 14848K, 99% used [0x00000000d5580000,0x00000000d63ff350,0x00000000d6400000)
  from space 1024K, 54% used [0x00000000d6680000,0x00000000d670c010,0x00000000d6780000)
  to   space 1024K, 0% used [0x00000000d6580000,0x00000000d6580000,0x00000000d6680000)
 ParOldGen       total 68608K, used 55994K [0x0000000080000000, 0x0000000084300000, 0x00000000d5580000)
  object space 68608K, 81% used [0x0000000080000000,0x00000000836aea98,0x0000000084300000)
 Metaspace       used 72164K, committed 73856K, reserved 1114112K
  class space    used 9067K, committed 9856K, reserved 1048576K
}
Event: 18832.939 GC heap after
{Heap after GC invocations=76 (full 3):
 PSYoungGen      total 15872K, used 352K [0x00000000d5580000, 0x00000000d6700000, 0x0000000100000000)
  eden space 14848K, 0% used [0x00000000d5580000,0x00000000d5580000,0x00000000d6400000)
  from space 1024K, 34% used [0x00000000d6580000,0x00000000d65d8000,0x00000000d6680000)
  to   space 512K, 0% used [0x00000000d6680000,0x00000000d6680000,0x00000000d6700000)
 ParOldGen       total 68608K, used 56042K [0x0000000080000000, 0x0000000084300000, 0x00000000d5580000)
  object space 68608K, 81% used [0x0000000080000000,0x00000000836baa98,0x0000000084300000)
 Metaspace       used 72164K, committed 73856K, reserved 1114112K
  class space    used 9067K, committed 9856K, reserved 1048576K
}
Event: 19558.099 GC heap before
{Heap before GC invocations=77 (full 3):
 PSYoungGen      total 15872K, used 15200K [0x00000000d5580000, 0x00000000d6700000, 0x0000000100000000)
  eden space 14848K, 100% used [0x00000000d5580000,0x00000000d6400000,0x00000000d6400000)
  from space 1024K, 34% used [0x00000000d6580000,0x00000000d65d8000,0x00000000d6680000)
  to   space 512K, 0% used [0x00000000d6680000,0x00000000d6680000,0x00000000d6700000)
 ParOldGen       total 68608K, used 56042K [0x0000000080000000, 0x0000000084300000, 0x00000000d5580000)
  object space 68608K, 81% used [0x0000000080000000,0x00000000836baa98,0x0000000084300000)
 Metaspace       used 72277K, committed 73984K, reserved 1114112K
  class space    used 9069K, committed 9856K, reserved 1048576K
}
Event: 19558.116 GC heap after
{Heap after GC invocations=77 (full 3):
 PSYoungGen      total 15360K, used 416K [0x00000000d5580000, 0x00000000d6700000, 0x0000000100000000)
  eden space 14848K, 0% used [0x00000000d5580000,0x00000000d5580000,0x00000000d6400000)
  from space 512K, 81% used [0x00000000d6680000,0x00000000d66e8000,0x00000000d6700000)
  to   space 512K, 0% used [0x00000000d6600000,0x00000000d6600000,0x00000000d6680000)
 ParOldGen       total 68608K, used 56098K [0x0000000080000000, 0x0000000084300000, 0x00000000d5580000)
  object space 68608K, 81% used [0x0000000080000000,0x00000000836c8a98,0x0000000084300000)
 Metaspace       used 72277K, committed 73984K, reserved 1114112K
  class space    used 9069K, committed 9856K, reserved 1048576K
}
Event: 19721.741 GC heap before
{Heap before GC invocations=78 (full 3):
 PSYoungGen      total 15360K, used 15264K [0x00000000d5580000, 0x00000000d6700000, 0x0000000100000000)
  eden space 14848K, 100% used [0x00000000d5580000,0x00000000d6400000,0x00000000d6400000)
  from space 512K, 81% used [0x00000000d6680000,0x00000000d66e8000,0x00000000d6700000)
  to   space 512K, 0% used [0x00000000d6600000,0x00000000d6600000,0x00000000d6680000)
 ParOldGen       total 68608K, used 56098K [0x0000000080000000, 0x0000000084300000, 0x00000000d5580000)
  object space 68608K, 81% used [0x0000000080000000,0x00000000836c8a98,0x0000000084300000)
 Metaspace       used 72341K, committed 74048K, reserved 1114112K
  class space    used 9069K, committed 9856K, reserved 1048576K
}
Event: 19721.753 GC heap after
{Heap after GC invocations=78 (full 3):
 PSYoungGen      total 15360K, used 352K [0x00000000d5580000, 0x00000000d6700000, 0x0000000100000000)
  eden space 14848K, 0% used [0x00000000d5580000,0x00000000d5580000,0x00000000d6400000)
  from space 512K, 68% used [0x00000000d6600000,0x00000000d6658000,0x00000000d6680000)
  to   space 512K, 0% used [0x00000000d6680000,0x00000000d6680000,0x00000000d6700000)
 ParOldGen       total 68608K, used 56146K [0x0000000080000000, 0x0000000084300000, 0x00000000d5580000)
  object space 68608K, 81% used [0x0000000080000000,0x00000000836d4a98,0x0000000084300000)
 Metaspace       used 72341K, committed 74048K, reserved 1114112K
  class space    used 9069K, committed 9856K, reserved 1048576K
}

