# JRE version: Java(TM) SE Runtime Environment (17.0+35) (build 17+35-LTS-2724)
# Java VM: Java HotSpot(TM) 64-Bit Server VM (17+35-LTS-2724, mixed mode, sharing, tiered, compressed oops, compressed class ptrs, g1 gc, windows-amd64)
GC Precious Log:
 CPUs: 12 total, 12 available
 Memory: 15556M
 Large Page Support: Disabled
 NUMA Support: Disabled
 Compressed Oops: Enabled (Zero based)
 Heap Region Size: 2M
 Heap Min Capacity: 8M
 Heap Initial Capacity: 244M
 Heap Max Capacity: 4G
 Pre-touch: Disabled
 Parallel Workers: 10
 Concurrent Workers: 3
 Concurrent Refinement Workers: 10
 Periodic GC: Disabled
Heap:
 garbage-first heap   total 491520K, used 136466K [0x0000000700000000, 0x0000000800000000)
  region size 2048K, 7 young (14336K), 1 survivors (2048K)
 Metaspace       used 102596K, committed 103424K, reserved 1138688K
  class space    used 13842K, committed 14272K, reserved 1048576K
GC Heap History (20 events):
Event: 33.704 GC heap before
{Heap before GC invocations=42 (full 0):
 garbage-first heap   total 161792K, used 136128K [0x0000000700000000, 0x0000000800000000)
  region size 2048K, 27 young (55296K), 3 survivors (6144K)
 Metaspace       used 82000K, committed 82688K, reserved 1122304K
  class space    used 11521K, committed 11840K, reserved 1048576K
}
Event: 33.708 GC heap after
{Heap after GC invocations=43 (full 0):
 garbage-first heap   total 161792K, used 88689K [0x0000000700000000, 0x0000000800000000)
  region size 2048K, 3 young (6144K), 3 survivors (6144K)
 Metaspace       used 82000K, committed 82688K, reserved 1122304K
  class space    used 11521K, committed 11840K, reserved 1048576K
}
Event: 34.463 GC heap before
{Heap before GC invocations=43 (full 0):
 garbage-first heap   total 161792K, used 135793K [0x0000000700000000, 0x0000000800000000)
  region size 2048K, 26 young (53248K), 3 survivors (6144K)
 Metaspace       used 87980K, committed 88704K, reserved 1130496K
  class space    used 12258K, committed 12608K, reserved 1048576K
}
Event: 34.469 GC heap after
{Heap after GC invocations=44 (full 0):
 garbage-first heap   total 161792K, used 89799K [0x0000000700000000, 0x0000000800000000)
  region size 2048K, 3 young (6144K), 3 survivors (6144K)
 Metaspace       used 87980K, committed 88704K, reserved 1130496K
  class space    used 12258K, committed 12608K, reserved 1048576K
}
Event: 35.202 GC heap before
{Heap before GC invocations=45 (full 0):
 garbage-first heap   total 161792K, used 140999K [0x0000000700000000, 0x0000000800000000)
  region size 2048K, 25 young (51200K), 3 survivors (6144K)
 Metaspace       used 93142K, committed 94016K, reserved 1130496K
  class space    used 12887K, committed 13312K, reserved 1048576K
}
Event: 35.207 GC heap after
{Heap after GC invocations=46 (full 0):
 garbage-first heap   total 161792K, used 99327K [0x0000000700000000, 0x0000000800000000)
  region size 2048K, 4 young (8192K), 4 survivors (8192K)
 Metaspace       used 93142K, committed 94016K, reserved 1130496K
  class space    used 12887K, committed 13312K, reserved 1048576K
}
Event: 35.220 GC heap before
{Heap before GC invocations=46 (full 0):
 garbage-first heap   total 161792K, used 101375K [0x0000000700000000, 0x0000000800000000)
  region size 2048K, 5 young (10240K), 4 survivors (8192K)
 Metaspace       used 93142K, committed 94016K, reserved 1130496K
  class space    used 12887K, committed 13312K, reserved 1048576K
}
Event: 35.228 GC heap after
{Heap after GC invocations=47 (full 0):
 garbage-first heap   total 161792K, used 99143K [0x0000000700000000, 0x0000000800000000)
  region size 2048K, 1 young (2048K), 1 survivors (2048K)
 Metaspace       used 93142K, committed 94016K, reserved 1130496K
  class space    used 12887K, committed 13312K, reserved 1048576K
}
Event: 35.438 GC heap before
{Heap before GC invocations=47 (full 0):
 garbage-first heap   total 161792K, used 136007K [0x0000000700000000, 0x0000000800000000)
  region size 2048K, 19 young (38912K), 1 survivors (2048K)
 Metaspace       used 93261K, committed 94144K, reserved 1130496K
  class space    used 12892K, committed 13312K, reserved 1048576K
}
Event: 35.449 GC heap after
{Heap after GC invocations=48 (full 0):
 garbage-first heap   total 161792K, used 105524K [0x0000000700000000, 0x0000000800000000)
  region size 2048K, 3 young (6144K), 3 survivors (6144K)
 Metaspace       used 93261K, committed 94144K, reserved 1130496K
  class space    used 12892K, committed 13312K, reserved 1048576K
}
Event: 35.615 GC heap before
{Heap before GC invocations=49 (full 0):
 garbage-first heap   total 204800K, used 130100K [0x0000000700000000, 0x0000000800000000)
  region size 2048K, 15 young (30720K), 3 survivors (6144K)
 Metaspace       used 93262K, committed 94144K, reserved 1130496K
  class space    used 12892K, committed 13312K, reserved 1048576K
}
Event: 35.624 GC heap after
{Heap after GC invocations=50 (full 0):
 garbage-first heap   total 204800K, used 112262K [0x0000000700000000, 0x0000000800000000)
  region size 2048K, 2 young (4096K), 2 survivors (4096K)
 Metaspace       used 93262K, committed 94144K, reserved 1130496K
  class space    used 12892K, committed 13312K, reserved 1048576K
}
Event: 35.669 GC heap before
{Heap before GC invocations=50 (full 0):
 garbage-first heap   total 204800K, used 118406K [0x0000000700000000, 0x0000000800000000)
  region size 2048K, 5 young (10240K), 2 survivors (4096K)
 Metaspace       used 93262K, committed 94144K, reserved 1130496K
  class space    used 12892K, committed 13312K, reserved 1048576K
}
Event: 35.674 GC heap after
{Heap after GC invocations=51 (full 0):
 garbage-first heap   total 204800K, used 113571K [0x0000000700000000, 0x0000000800000000)
  region size 2048K, 1 young (2048K), 1 survivors (2048K)
 Metaspace       used 93262K, committed 94144K, reserved 1130496K
  class space    used 12892K, committed 13312K, reserved 1048576K
}
Event: 36.358 GC heap before
{Heap before GC invocations=51 (full 0):
 garbage-first heap   total 204800K, used 162723K [0x0000000700000000, 0x0000000800000000)
  region size 2048K, 23 young (47104K), 1 survivors (2048K)
 Metaspace       used 96517K, committed 97344K, reserved 1138688K
  class space    used 13292K, committed 13696K, reserved 1048576K
}
Event: 36.363 GC heap after
{Heap after GC invocations=52 (full 0):
 garbage-first heap   total 204800K, used 125671K [0x0000000700000000, 0x0000000800000000)
  region size 2048K, 3 young (6144K), 3 survivors (6144K)
 Metaspace       used 96517K, committed 97344K, reserved 1138688K
  class space    used 13292K, committed 13696K, reserved 1048576K
}
Event: 36.810 GC heap before
{Heap before GC invocations=53 (full 0):
 garbage-first heap   total 219136K, used 162535K [0x0000000700000000, 0x0000000800000000)
  region size 2048K, 21 young (43008K), 3 survivors (6144K)
 Metaspace       used 100326K, committed 101184K, reserved 1138688K
  class space    used 13648K, committed 14080K, reserved 1048576K
}
Event: 36.814 GC heap after
{Heap after GC invocations=54 (full 0):
 garbage-first heap   total 219136K, used 128420K [0x0000000700000000, 0x0000000800000000)
  region size 2048K, 2 young (4096K), 2 survivors (4096K)
 Metaspace       used 100326K, committed 101184K, reserved 1138688K
  class space    used 13648K, committed 14080K, reserved 1048576K
}
Event: 36.887 GC heap before
{Heap before GC invocations=54 (full 0):
 garbage-first heap   total 219136K, used 134564K [0x0000000700000000, 0x0000000800000000)
  region size 2048K, 5 young (10240K), 2 survivors (4096K)
 Metaspace       used 101274K, committed 102144K, reserved 1138688K
  class space    used 13700K, committed 14144K, reserved 1048576K
}
Event: 37.838 GC heap after
{Heap after GC invocations=55 (full 0):
 garbage-first heap   total 491520K, used 128274K [0x0000000700000000, 0x0000000800000000)
  region size 2048K, 1 young (2048K), 1 survivors (2048K)
 Metaspace       used 101274K, committed 102144K, reserved 1138688K
  class space    used 13700K, committed 14144K, reserved 1048576K
}

